<?xml version="1.0" encoding="UTF-8"?>
<testng-results ignored="0" total="2" passed="2" failed="0" skipped="0">
  <reporter-output>
  </reporter-output>
  <suite started-at="2023-10-07T15:35:24 EDT" name="Default suite" finished-at="2023-10-07T15:35:25 EDT" duration-ms="67">
    <groups>
    </groups>
    <test started-at="2023-10-07T15:35:24 EDT" name="Default test" finished-at="2023-10-07T15:35:25 EDT" duration-ms="67">
      <class name="com.neotech.lesson01.TestNGDemo">
        <test-method signature="testOne()[pri:0, instance:com.neotech.lesson01.TestNGDemo@62e7f11d]" started-at="2023-10-07T15:35:24 EDT" name="testOne" finished-at="2023-10-07T15:35:25 EDT" duration-ms="12" status="PASS">
          <reporter-output>
          </reporter-output>
        </test-method> <!-- testOne -->
        <test-method signature="testTwo()[pri:0, instance:com.neotech.lesson01.TestNGDemo@62e7f11d]" started-at="2023-10-07T15:35:25 EDT" name="testTwo" finished-at="2023-10-07T15:35:25 EDT" duration-ms="1" status="PASS">
          <reporter-output>
          </reporter-output>
        </test-method> <!-- testTwo -->
      </class> <!-- com.neotech.lesson01.TestNGDemo -->
    </test> <!-- Default test -->
  </suite> <!-- Default suite -->
</testng-results>
